<?xml version="1.0" encoding="UTF-8"?>
<!-- Generated by org.testng.reporters.JUnitReportReporter -->
<testsuite hostname="FIGHTER" failures="0" tests="1" name="script.Test1" time="4.361" errors="0" timestamp="2025-02-10T23:47:43 IST" skipped="0">
  <testcase classname="script.Test1" name="testA" time="4.361"/>
  <system-out>
    <![CDATA[Google]]>
  </system-out>
</testsuite> <!-- script.Test1 -->
