<?xml version="1.0" encoding="UTF-8"?>
<!-- Generated by org.testng.reporters.JUnitReportReporter -->
<testsuite hostname="FIGHTER" failures="0" tests="1" name="script.InvalidLogin" time="4.635" errors="0" timestamp="2025-02-12T08:42:09 IST" skipped="0">
  <testcase classname="script.InvalidLogin" name="testInvalidLogin" time="4.635"/>
  <system-out>
    <![CDATA[Error Msg is Displayed]]>
  </system-out>
</testsuite> <!-- script.InvalidLogin -->
