<?xml version="1.0" encoding="UTF-8"?>
<!-- Generated by org.testng.reporters.JUnitReportReporter -->
<testsuite hostname="FIGHTER" failures="0" tests="1" name="script.ValidLogin" time="6.895" errors="0" timestamp="2025-02-12T08:21:06 IST" skipped="0">
  <testcase classname="script.ValidLogin" name="testValidLogin" time="6.895"/>
  <system-out>
    <![CDATA[Home Page is Displayed]]>
  </system-out>
</testsuite> <!-- script.ValidLogin -->
