<?xml version="1.0" encoding="UTF-8"?>
<!-- Generated by org.testng.reporters.JUnitReportReporter -->
<testsuite hostname="FIGHTER" failures="0" tests="1" name="script.ValidLogin" time="3.738" errors="0" timestamp="2025-02-12T22:49:09 IST" skipped="0">
  <testcase classname="script.ValidLogin" name="testValidLogin" time="3.738"/>
  <system-out>
    <![CDATA[Home Page is Displayed]]>
  </system-out>
</testsuite> <!-- script.ValidLogin -->
